Using pre-set license
Built from '2021.3/staging' branch; Version is '2021.3.18f1 (3129e69bc0c7) revision 3221990'; Using compiler version '192829333'; Build Type 'Release'
OS: 'Windows 11  (10.0.22621) 64bit Core' Language: 'ko' Physical Memory: 16197 MB
BatchMode: 1, IsHumanControllingUs: 0, StartBugReporterOnCrash: 0, Is64bit: 1, IsPro: 1

COMMAND LINE ARGUMENTS:
C:\Program Files\Unity\Hub\Editor\2021.3.18f1\Editor\Unity.exe
-adb2
-batchMode
-noUpm
-name
AssetImportWorker2
-projectPath
C:/Users/jimmy/OneDrive/문서/GitHub/FPSprototype
-logFile
Logs/AssetImportWorker2.log
-srvPort
65323
Successfully changed project path to: C:/Users/jimmy/OneDrive/문서/GitHub/FPSprototype
C:/Users/jimmy/OneDrive/문서/GitHub/FPSprototype
[UnityMemory] Configuration Parameters - Can be set up in boot.config
    "memorysetup-bucket-allocator-granularity=16"
    "memorysetup-bucket-allocator-bucket-count=8"
    "memorysetup-bucket-allocator-block-size=33554432"
    "memorysetup-bucket-allocator-block-count=8"
    "memorysetup-main-allocator-block-size=16777216"
    "memorysetup-thread-allocator-block-size=16777216"
    "memorysetup-gfx-main-allocator-block-size=16777216"
    "memorysetup-gfx-thread-allocator-block-size=16777216"
    "memorysetup-cache-allocator-block-size=4194304"
    "memorysetup-typetree-allocator-block-size=2097152"
    "memorysetup-profiler-bucket-allocator-granularity=16"
    "memorysetup-profiler-bucket-allocator-bucket-count=8"
    "memorysetup-profiler-bucket-allocator-block-size=33554432"
    "memorysetup-profiler-bucket-allocator-block-count=8"
    "memorysetup-profiler-allocator-block-size=16777216"
    "memorysetup-profiler-editor-allocator-block-size=1048576"
    "memorysetup-temp-allocator-size-main=16777216"
    "memorysetup-job-temp-allocator-block-size=2097152"
    "memorysetup-job-temp-allocator-block-size-background=1048576"
    "memorysetup-job-temp-allocator-reduction-small-platforms=262144"
    "memorysetup-temp-allocator-size-background-worker=32768"
    "memorysetup-temp-allocator-size-job-worker=262144"
    "memorysetup-temp-allocator-size-preload-manager=33554432"
    "memorysetup-temp-allocator-size-nav-mesh-worker=65536"
    "memorysetup-temp-allocator-size-audio-worker=65536"
    "memorysetup-temp-allocator-size-cloud-worker=32768"
    "memorysetup-temp-allocator-size-gi-baking-worker=262144"
    "memorysetup-temp-allocator-size-gfx=262144"
Player connection [19920] Host "[IP] 192.168.0.3 [Port] 0 [Flags] 2 [Guid] 3731270476 [EditorId] 3731270476 [Version] 1048832 [Id] WindowsEditor(7,DESKTOP-JIMMY) [Debug] 1 [PackageName] WindowsEditor [ProjectName] Editor" joined multi-casting on [225.0.0.222:54997]...

Player connection [19920] Host "[IP] 192.168.0.3 [Port] 0 [Flags] 2 [Guid] 3731270476 [EditorId] 3731270476 [Version] 1048832 [Id] WindowsEditor(7,DESKTOP-JIMMY) [Debug] 1 [PackageName] WindowsEditor [ProjectName] Editor" joined alternative multi-casting on [225.0.0.222:34997]...

Refreshing native plugins compatible for Editor in 93.85 ms, found 3 plugins.
Preloading 0 native plugins for Editor in 0.00 ms.
Initialize engine version: 2021.3.18f1 (3129e69bc0c7)
[Subsystems] Discovering subsystems at path C:/Program Files/Unity/Hub/Editor/2021.3.18f1/Editor/Data/Resources/UnitySubsystems
[Subsystems] Discovering subsystems at path C:/Users/jimmy/OneDrive/문서/GitHub/FPSprototype/Assets
GfxDevice: creating device client; threaded=0; jobified=0
Direct3D:
    Version:  Direct3D 11.0 [level 11.1]
    Renderer: NVIDIA GeForce RTX 3060 (ID=0x2504)
    Vendor:   NVIDIA
    VRAM:     12142 MB
    Driver:   31.0.15.1694
Initialize mono
Mono path[0] = 'C:/Program Files/Unity/Hub/Editor/2021.3.18f1/Editor/Data/Managed'
Mono path[1] = 'C:/Program Files/Unity/Hub/Editor/2021.3.18f1/Editor/Data/MonoBleedingEdge/lib/mono/unityjit-win32'
Mono config path = 'C:/Program Files/Unity/Hub/Editor/2021.3.18f1/Editor/Data/MonoBleedingEdge/etc'
Using monoOptions --debugger-agent=transport=dt_socket,embedding=1,server=y,suspend=n,address=127.0.0.1:56860
Begin MonoManager ReloadAssembly
Registering precompiled unity dll's ...
Register platform support module: C:/Program Files/Unity/Hub/Editor/2021.3.18f1/Editor/Data/PlaybackEngines/WebGLSupport/UnityEditor.WebGL.Extensions.dll
Register platform support module: C:/Program Files/Unity/Hub/Editor/2021.3.18f1/Editor/Data/PlaybackEngines/WindowsStandaloneSupport/UnityEditor.WindowsStandalone.Extensions.dll
Registered in 0.003379 seconds.
Native extension for WindowsStandalone target not found
Native extension for WebGL target not found
Refreshing native plugins compatible for Editor in 99.26 ms, found 3 plugins.
Preloading 0 native plugins for Editor in 0.00 ms.
Mono: successfully reloaded assembly
- Completed reload, in  0.546 seconds
Domain Reload Profiling:
	ReloadAssembly (546ms)
		BeginReloadAssembly (67ms)
			ExecutionOrderSort (0ms)
			DisableScriptedObjects (0ms)
			BackupInstance (0ms)
			ReleaseScriptingObjects (0ms)
			CreateAndSetChildDomain (1ms)
		EndReloadAssembly (385ms)
			LoadAssemblies (66ms)
			RebuildTransferFunctionScriptingTraits (0ms)
			SetupTypeCache (90ms)
			ReleaseScriptCaches (0ms)
			RebuildScriptCaches (21ms)
			SetupLoadedEditorAssemblies (232ms)
				LogAssemblyErrors (0ms)
				InitializePlatformSupportModulesInManaged (7ms)
				SetLoadedEditorAssemblies (0ms)
				RefreshPlugins (99ms)
				BeforeProcessingInitializeOnLoad (1ms)
				ProcessInitializeOnLoadAttributes (90ms)
				ProcessInitializeOnLoadMethodAttributes (34ms)
				AfterProcessingInitializeOnLoad (0ms)
				EditorAssembliesLoaded (0ms)
			ExecutionOrderSort2 (0ms)
			AwakeInstancesAfterBackupRestoration (0ms)
Platform modules already initialized, skipping
Registering precompiled user dll's ...
Registered in 0.004920 seconds.
Begin MonoManager ReloadAssembly
Symbol file LoadedFromMemory doesn't match image C:\Users\jimmy\OneDrive\문서\GitHub\FPSprototype\Library\PackageCache\com.unity.visualscripting@1.8.0\Editor\VisualScripting.Core\Dependencies\YamlDotNet\Unity.VisualScripting.YamlDotNet.dll
Symbol file LoadedFromMemory doesn't match image C:\Users\jimmy\OneDrive\문서\GitHub\FPSprototype\Library\PackageCache\com.unity.visualscripting@1.8.0\Editor\VisualScripting.Core\Dependencies\DotNetZip\Unity.VisualScripting.IonicZip.dll
Native extension for WindowsStandalone target not found
Native extension for WebGL target not found
Refreshing native plugins compatible for Editor in 73.80 ms, found 3 plugins.
Preloading 0 native plugins for Editor in 0.00 ms.
Mono: successfully reloaded assembly
- Completed reload, in  1.109 seconds
Domain Reload Profiling:
	ReloadAssembly (1110ms)
		BeginReloadAssembly (76ms)
			ExecutionOrderSort (0ms)
			DisableScriptedObjects (4ms)
			BackupInstance (0ms)
			ReleaseScriptingObjects (0ms)
			CreateAndSetChildDomain (14ms)
		EndReloadAssembly (951ms)
			LoadAssemblies (67ms)
			RebuildTransferFunctionScriptingTraits (0ms)
			SetupTypeCache (298ms)
			ReleaseScriptCaches (0ms)
			RebuildScriptCaches (64ms)
			SetupLoadedEditorAssemblies (477ms)
				LogAssemblyErrors (0ms)
				InitializePlatformSupportModulesInManaged (4ms)
				SetLoadedEditorAssemblies (0ms)
				RefreshPlugins (74ms)
				BeforeProcessingInitializeOnLoad (77ms)
				ProcessInitializeOnLoadAttributes (251ms)
				ProcessInitializeOnLoadMethodAttributes (63ms)
				AfterProcessingInitializeOnLoad (8ms)
				EditorAssembliesLoaded (0ms)
			ExecutionOrderSort2 (0ms)
			AwakeInstancesAfterBackupRestoration (6ms)
Platform modules already initialized, skipping
========================================================================
Worker process is ready to serve import requests
Launched and connected shader compiler UnityShaderCompiler.exe after 0.03 seconds
Refreshing native plugins compatible for Editor in 0.62 ms, found 3 plugins.
Preloading 0 native plugins for Editor in 0.00 ms.
Unloading 5634 Unused Serialized files (Serialized files now loaded: 0)
Unloading 91 unused Assets / (24.7 MB). Loaded Objects now: 6074.
Memory consumption went from 288.8 MB to 264.2 MB.
Total: 4.426100 ms (FindLiveObjects: 0.250000 ms CreateObjectMapping: 0.142400 ms MarkObjects: 1.996300 ms  DeleteObjects: 2.036500 ms)

AssetImportParameters requested are different than current active one (requested -> active):
  custom:video-decoder-ogg-theora: a1e56fd34408186e4bbccfd4996cb3dc -> 
  custom:container-muxer-webm: aa71ff27fc2769a1b78a27578f13a17b -> 
  custom:container-demuxer-webm: 4f35f7cbe854078d1ac9338744f61a02 -> 
  custom:video-encoder-webm-vp8: eb34c28f22e8b96e1ab97ce403110664 -> 
  custom:audio-encoder-webm-vorbis: bf7c407c2cedff20999df2af8eb42d56 -> 
  custom:framework-win-MediaFoundation: 216162199b28c13a410421893ffa2e32 -> 
  custom:container-demuxer-ogg: 62fdf1f143b41e24485cea50d1cbac27 -> 
  custom:video-decoder-webm-vp8: 9c59270c3fd7afecdb556c50c9e8de78 -> 
  custom:audio-decoder-ogg-vorbis: bf7c407c2cedff20999df2af8eb42d56 -> 
========================================================================
Received Import Request.
  Time since last request: 56439.528278 seconds.
  path: Assets/Scenes/SampleScene.unity
  artifactKey: Guid(9fc0d4010bbf28b4594072e72b8655ab) Importer(815301076,1909f56bfc062723c751e8b465ee728b)
Start importing Assets/Scenes/SampleScene.unity using Guid(9fc0d4010bbf28b4594072e72b8655ab) Importer(815301076,1909f56bfc062723c751e8b465ee728b)  -> (artifact id: 'fa4de24354ec8d12694409fd8a081dab') in 0.009987 seconds 
========================================================================
Received Import Request.
  Time since last request: 8.353393 seconds.
  path: Assets/Scenes/Env.unity
  artifactKey: Guid(0ca532e12768cb7469c638d2e653fab6) Importer(815301076,1909f56bfc062723c751e8b465ee728b)
Start importing Assets/Scenes/Env.unity using Guid(0ca532e12768cb7469c638d2e653fab6) Importer(815301076,1909f56bfc062723c751e8b465ee728b)  -> (artifact id: '11bb39c28838abde84ba99b3f3da5dcb') in 0.006628 seconds 
========================================================================
Received Import Request.
  Time since last request: 1.752081 seconds.
  path: Assets/Scenes/Env2.unity
  artifactKey: Guid(45cfdca73e9e75e4497ec9483146b65a) Importer(815301076,1909f56bfc062723c751e8b465ee728b)
Start importing Assets/Scenes/Env2.unity using Guid(45cfdca73e9e75e4497ec9483146b65a) Importer(815301076,1909f56bfc062723c751e8b465ee728b)  -> (artifact id: '6f221adb096f38220c7af5b375f71ab6') in 0.007404 seconds 
========================================================================
Received Import Request.
  Time since last request: 27.993536 seconds.
  path: Assets/Scenes/SampleScene
  artifactKey: Guid(090fca579c4fe3145b70739b50153a8c) Importer(815301076,1909f56bfc062723c751e8b465ee728b)
Start importing Assets/Scenes/SampleScene using Guid(090fca579c4fe3145b70739b50153a8c) Importer(815301076,1909f56bfc062723c751e8b465ee728b)  -> (artifact id: '92178657d0a2b2a795da4e86b366e355') in 0.005045 seconds 
========================================================================
Received Import Request.
  Time since last request: 0.046152 seconds.
  path: Assets/Scenes/SampleScene/NavMesh.asset
  artifactKey: Guid(6df3f2adf6ce86c47b3bd8e539eaeef1) Importer(815301076,1909f56bfc062723c751e8b465ee728b)
Start importing Assets/Scenes/SampleScene/NavMesh.asset using Guid(6df3f2adf6ce86c47b3bd8e539eaeef1) Importer(815301076,1909f56bfc062723c751e8b465ee728b)  -> (artifact id: '30d6854756f7cf42f5514a285ca2feda') in 0.028244 seconds 
========================================================================
Received Import Request.
  Time since last request: 3.143737 seconds.
  path: Assets/Runner/Y Bot.fbx
  artifactKey: Guid(3f499e34f52d3b34e9ac54f95caed4ee) Importer(815301076,1909f56bfc062723c751e8b465ee728b)
Start importing Assets/Runner/Y Bot.fbx using Guid(3f499e34f52d3b34e9ac54f95caed4ee) Importer(815301076,1909f56bfc062723c751e8b465ee728b)  -> (artifact id: '03b481196e4947ec132fa5f4fcceef0a') in 0.454596 seconds 
========================================================================
Received Import Request.
  Time since last request: 10.659449 seconds.
  path: Assets/Textures/Aim01.png
  artifactKey: Guid(fbd1771a38715ae4a810390193594418) Importer(815301076,1909f56bfc062723c751e8b465ee728b)
Start importing Assets/Textures/Aim01.png using Guid(fbd1771a38715ae4a810390193594418) Importer(815301076,1909f56bfc062723c751e8b465ee728b)  -> (artifact id: '112c3dc840c67e81300f5519e2a0bad9') in 0.060263 seconds 
========================================================================
Received Import Request.
  Time since last request: 0.000028 seconds.
  path: Assets/Textures/Aim04.png
  artifactKey: Guid(071cd38769782f841b49725704fcf455) Importer(815301076,1909f56bfc062723c751e8b465ee728b)
Start importing Assets/Textures/Aim04.png using Guid(071cd38769782f841b49725704fcf455) Importer(815301076,1909f56bfc062723c751e8b465ee728b)  -> (artifact id: '043648bdb4d8f95813c276ba9a5dfd44') in 0.036864 seconds 
========================================================================
Received Import Request.
  Time since last request: 1.736502 seconds.
  path: Assets/Prefabs/big_bullet_casing.prefab
  artifactKey: Guid(6ec0cade5ee843c498039d8b60d914ec) Importer(815301076,1909f56bfc062723c751e8b465ee728b)
Start importing Assets/Prefabs/big_bullet_casing.prefab using Guid(6ec0cade5ee843c498039d8b60d914ec) Importer(815301076,1909f56bfc062723c751e8b465ee728b)  -> (artifact id: '3ed4b441106ee3cbc4d6c18912a23f66') in 0.018477 seconds 
========================================================================
Received Import Request.
  Time since last request: 0.000017 seconds.
  path: Assets/Prefabs/EnemyProjectTile.prefab
  artifactKey: Guid(e85e9817841e5e349885ce7af516ca6a) Importer(815301076,1909f56bfc062723c751e8b465ee728b)
Start importing Assets/Prefabs/EnemyProjectTile.prefab using Guid(e85e9817841e5e349885ce7af516ca6a) Importer(815301076,1909f56bfc062723c751e8b465ee728b)  -> (artifact id: 'f225fbf28a3cb2661ac33c0f9ece4b28') in 0.014041 seconds 
========================================================================
Received Import Request.
  Time since last request: 0.000026 seconds.
  path: Assets/Prefabs/ImpactObstacle.prefab
  artifactKey: Guid(f03c470ce0520384b820f02eceda9574) Importer(815301076,1909f56bfc062723c751e8b465ee728b)
Start importing Assets/Prefabs/ImpactObstacle.prefab using Guid(f03c470ce0520384b820f02eceda9574) Importer(815301076,1909f56bfc062723c751e8b465ee728b)  -> (artifact id: 'cd68c26212dc676cf18d710d344fa416') in 0.019158 seconds 
========================================================================
Received Import Request.
  Time since last request: 0.000020 seconds.
  path: Assets/Prefabs/Shooter.prefab
  artifactKey: Guid(52d7618d3b35b3f41a0bb890dbf41ed7) Importer(815301076,1909f56bfc062723c751e8b465ee728b)
Start importing Assets/Prefabs/Shooter.prefab using Guid(52d7618d3b35b3f41a0bb890dbf41ed7) Importer(815301076,1909f56bfc062723c751e8b465ee728b)  -> (artifact id: '4eb9ca441fadf064a7548b7c5610f1c9') in 0.019450 seconds 
